c:\users\ирина\desktop\учеба\3 семестр\ооп\лаб раб 2\лаб раб 2\debug\лаб раб 2.pch
c:\users\ирина\desktop\учеба\3 семестр\ооп\лаб раб 2\лаб раб 2\debug\vc120.pdb
c:\users\ирина\desktop\учеба\3 семестр\ооп\лаб раб 2\лаб раб 2\debug\vc120.idb
c:\users\ирина\desktop\учеба\3 семестр\ооп\лаб раб 2\лаб раб 2\debug\stdafx.obj
c:\users\ирина\desktop\учеба\3 семестр\ооп\лаб раб 2\лаб раб 2\debug\eda.obj
c:\users\ирина\desktop\учеба\3 семестр\ооп\лаб раб 2\лаб раб 2\debug\hleb.obj
c:\users\ирина\desktop\учеба\3 семестр\ооп\лаб раб 2\лаб раб 2\debug\ovoshi.obj
c:\users\ирина\desktop\учеба\3 семестр\ооп\лаб раб 2\лаб раб 2\debug\мясо.obj
c:\users\ирина\desktop\учеба\3 семестр\ооп\лаб раб 2\лаб раб 2\debug\lunch.obj
c:\users\ирина\desktop\учеба\3 семестр\ооп\лаб раб 2\лаб раб 2\debug\лаб раб 2.obj
c:\users\ирина\desktop\учеба\3 семестр\ооп\лаб раб 3\лаб раб 2\лаб раб 2\debug\лаб раб 2.pch
c:\users\ирина\desktop\учеба\3 семестр\ооп\лаб раб 3\лаб раб 2\лаб раб 2\debug\vc120.pdb
c:\users\ирина\desktop\учеба\3 семестр\ооп\лаб раб 3\лаб раб 2\лаб раб 2\debug\vc120.idb
c:\users\ирина\desktop\учеба\3 семестр\ооп\лаб раб 3\лаб раб 2\лаб раб 2\debug\stdafx.obj
c:\users\ирина\desktop\учеба\3 семестр\ооп\лаб раб 3\лаб раб 2\лаб раб 2\debug\eda.obj
c:\users\ирина\desktop\учеба\3 семестр\ооп\лаб раб 3\лаб раб 2\лаб раб 2\debug\hleb.obj
c:\users\ирина\desktop\учеба\3 семестр\ооп\лаб раб 3\лаб раб 2\лаб раб 2\debug\lunch.obj
c:\users\ирина\desktop\учеба\3 семестр\ооп\лаб раб 3\лаб раб 2\лаб раб 2\debug\лаб раб 2.obj
c:\users\ирина\desktop\учеба\3 семестр\ооп\лаб раб 3\лаб раб 2\лаб раб 2\debug\мясо.obj
c:\users\ирина\desktop\учеба\3 семестр\ооп\лаб раб 3\лаб раб 2\лаб раб 2\debug\ovoshi.obj
c:\users\ирина\desktop\учеба\3 семестр\ооп\лаб раб 3\лаб раб 2\лаб раб 2\debug\tost.obj
c:\users\ирина\desktop\учеба\3 семестр\ооп\лаб раб 2\debug\лаб раб 2.ilk
c:\users\ирина\desktop\учеба\3 семестр\ооп\лаб раб 2\debug\лаб раб 2.exe
c:\users\ирина\desktop\учеба\3 семестр\ооп\лаб раб 2\debug\лаб раб 2.pdb
c:\users\ирина\desktop\учеба\3 семестр\ооп\лаб раб 3\лаб раб 2\debug\лаб раб 2.pdb
c:\users\ирина\desktop\учеба\3 семестр\ооп\лаб раб 3\лаб раб 2\лаб раб 2\debug\лаб раб 2.tlog\cl.command.1.tlog
c:\users\ирина\desktop\учеба\3 семестр\ооп\лаб раб 3\лаб раб 2\лаб раб 2\debug\лаб раб 2.tlog\cl.read.1.tlog
c:\users\ирина\desktop\учеба\3 семестр\ооп\лаб раб 3\лаб раб 2\лаб раб 2\debug\лаб раб 2.tlog\cl.write.1.tlog
c:\users\ирина\desktop\учеба\3 семестр\ооп\лаб раб 3\лаб раб 2\лаб раб 2\debug\лаб раб 2.tlog\link-cvtres.read.1.tlog
c:\users\ирина\desktop\учеба\3 семестр\ооп\лаб раб 3\лаб раб 2\лаб раб 2\debug\лаб раб 2.tlog\link-cvtres.write.1.tlog
c:\users\ирина\desktop\учеба\3 семестр\ооп\лаб раб 3\лаб раб 2\лаб раб 2\debug\лаб раб 2.tlog\link-rc.read.1.tlog
c:\users\ирина\desktop\учеба\3 семестр\ооп\лаб раб 3\лаб раб 2\лаб раб 2\debug\лаб раб 2.tlog\link-rc.write.1.tlog
c:\users\ирина\desktop\учеба\3 семестр\ооп\лаб раб 3\лаб раб 2\лаб раб 2\debug\лаб раб 2.tlog\link.command.1.tlog
c:\users\ирина\desktop\учеба\3 семестр\ооп\лаб раб 3\лаб раб 2\лаб раб 2\debug\лаб раб 2.tlog\link.read.1.tlog
c:\users\ирина\desktop\учеба\3 семестр\ооп\лаб раб 3\лаб раб 2\лаб раб 2\debug\лаб раб 2.tlog\link.write.1.tlog
